<?xml version="1.0" encoding="UTF-8"?>
<!-- Generated by org.testng.reporters.JUnitReportReporter -->
<testsuite skipped="0" hostname="DESKTOP-MO9VA81" name="com.Testng_Anatotaion.Annatotaion_Testng" tests="1" failures="0" timestamp="2022-03-29T20:34:51 IST" time="0.006" errors="0">
  <testcase name="login" time="0.006" classname="com.Testng_Anatotaion.Annatotaion_Testng"/>
  <system-out/>
</testsuite> <!-- com.Testng_Anatotaion.Annatotaion_Testng -->
