<?xml version="1.0" encoding="UTF-8"?>
<!-- Generated by org.testng.reporters.JUnitReportReporter -->
<testsuite skipped="1" hostname="DESKTOP-MO9VA81" name="com.Testng_Group.Testng_methods" tests="7" failures="0" timestamp="2022-03-30T00:58:09 IST" time="0.053" errors="0">
  <testcase name="minimize" time="0.026" classname="com.Testng_Group.Testng_methods"/>
  <system-out/>
  <testcase name="referesh" time="0.008" classname="com.Testng_Group.Testng_methods"/>
  <system-out/>
  <testcase name="referesh" time="0.005" classname="com.Testng_Group.Testng_methods"/>
  <system-out/>
  <testcase name="referesh" time="0.006" classname="com.Testng_Group.Testng_methods"/>
  <system-out/>
  <testcase name="signup" time="0.005" classname="com.Testng_Group.Testng_methods"/>
  <system-out/>
  <testcase name="password" time="0.003" classname="com.Testng_Group.Testng_methods"/>
  <system-out/>
  <testcase name="maximize" classname="com.Testng_Group.Testng_methods">
    <skipped/>
  </testcase> <!-- maximize -->
  <system-out/>
</testsuite> <!-- com.Testng_Group.Testng_methods -->
